2025-04-21T14:27:57.354Z - db_service_1.DB.query is not a function
2025-04-21T14:27:57.355Z - Internal Error
2025-04-21T14:28:39.453Z - db_service_1.DB.query is not a function
2025-04-21T14:29:28.332Z - db_service_1.DB.query is not a function
2025-04-21T14:30:33.593Z - db_service_1.DB.query is not a function
2025-04-21T14:33:01.503Z - db_service_1.DB.query is not a function
2025-04-21T14:34:21.183Z - db_service_1.DB.query is not a function
2025-04-21T14:35:00.002Z - db_service_1.DB.query is not a function
2025-04-21T14:35:42.195Z - db_service_1.DB.query is not a function
2025-04-21T14:36:42.248Z - db_service_1.DB.query is not a function
2025-04-21T14:53:14.765Z - FOREIGN KEY constraint failed
2025-04-21T14:53:23.566Z - FOREIGN KEY constraint failed
2025-04-21T14:54:56.939Z - NOT NULL constraint failed: contexts.icon_id
2025-04-21T14:55:55.427Z - FOREIGN KEY constraint failed
2025-04-21T14:56:35.507Z - FOREIGN KEY constraint failed
2025-04-21T14:57:47.276Z - SQLite3 can only bind numbers, strings, bigints, buffers, and null
2025-04-21T14:58:05.159Z - SQLite3 can only bind numbers, strings, bigints, buffers, and null
2025-04-21T14:59:06.316Z - SQLite3 can only bind numbers, strings, bigints, buffers, and null
2025-04-21T14:59:59.435Z - FOREIGN KEY constraint failed
2025-04-23T16:12:48.223Z - FOREIGN KEY constraint failed
2025-04-23T16:14:46.104Z - FOREIGN KEY constraint failed
2025-04-23T16:14:56.862Z - FOREIGN KEY constraint failed
